# JRE version: 7.0_04-b22
# Java VM: Java HotSpot(TM) 64-Bit Server VM (23.0-b21 mixed mode windows-amd64 compressed oops)
Heap
 PSYoungGen      total 104768K, used 65750K [0x00000000eaab0000, 0x00000000f1800000, 0x0000000000000000)
  eden space 97984K, 65% used [0x00000000eaab0000,0x00000000ee935bd8,0x00000000f0a60000)
  from space 6784K, 25% used [0x00000000f1120000,0x00000000f12d0010,0x00000000f17c0000)
  to   space 6912K, 0% used [0x00000000f0a60000,0x00000000f0a60000,0x00000000f1120000)
 ParOldGen       total 41600K, used 12553K [0x00000000c0000000, 0x00000000c28a0000, 0x00000000eaab0000)
  object space 41600K, 30% used [0x00000000c0000000,0x00000000c0c42780,0x00000000c28a0000)
 PSPermGen       total 25088K, used 24938K [0x00000000b0000000, 0x00000000b1880000, 0x00000000c0000000)
  object space 25088K, 99% used [0x00000000b0000000,0x00000000b185a948,0x00000000b1880000)
GC Heap History (10 events):
Event: 4.732 GC heap before
{Heap before GC invocations=6 (full 0):
 PSYoungGen      total 18176K, used 17222K [0x00000000eaab0000, 0x00000000ed570000, 0x0000000000000000)
  eden space 15616K, 93% used [0x00000000eaab0000,0x00000000eb901960,0x00000000eb9f0000)
  from space 2560K, 100% used [0x00000000eb9f0000,0x00000000ebc70000,0x00000000ebc70000)
  to   space 6272K, 0% used [0x00000000ecf50000,0x00000000ecf50000,0x00000000ed570000)
 ParOldGen       total 41600K, used 7422K [0x00000000c0000000, 0x00000000c28a0000, 0x00000000eaab0000)
  object space 41600K, 17% used [0x00000000c0000000,0x00000000c073f9d8,0x00000000c28a0000)
 PSPermGen       total 21248K, used 18051K [0x00000000b0000000, 0x00000000b14c0000, 0x00000000c0000000)
  object space 21248K, 84% used [0x00000000b0000000,0x00000000b11a0e78,0x00000000b14c0000)
Event: 4.748 GC heap after
Heap after GC invocations=6 (full 0):
 PSYoungGen      total 36928K, used 5713K [0x00000000eaab0000, 0x00000000ed690000, 0x0000000000000000)
  eden space 30656K, 0% used [0x00000000eaab0000,0x00000000eaab0000,0x00000000ec8a0000)
  from space 6272K, 91% used [0x00000000ecf50000,0x00000000ed4e4790,0x00000000ed570000)
  to   space 6848K, 0% used [0x00000000ec8a0000,0x00000000ec8a0000,0x00000000ecf50000)
 ParOldGen       total 41600K, used 7422K [0x00000000c0000000, 0x00000000c28a0000, 0x00000000eaab0000)
  object space 41600K, 17% used [0x00000000c0000000,0x00000000c073f9d8,0x00000000c28a0000)
 PSPermGen       total 21248K, used 18051K [0x00000000b0000000, 0x00000000b14c0000, 0x00000000c0000000)
  object space 21248K, 84% used [0x00000000b0000000,0x00000000b11a0e78,0x00000000b14c0000)
}
Event: 5.596 GC heap before
{Heap before GC invocations=7 (full 0):
 PSYoungGen      total 36928K, used 36369K [0x00000000eaab0000, 0x00000000ed690000, 0x0000000000000000)
  eden space 30656K, 100% used [0x00000000eaab0000,0x00000000ec8a0000,0x00000000ec8a0000)
  from space 6272K, 91% used [0x00000000ecf50000,0x00000000ed4e4790,0x00000000ed570000)
  to   space 6848K, 0% used [0x00000000ec8a0000,0x00000000ec8a0000,0x00000000ecf50000)
 ParOldGen       total 41600K, used 7422K [0x00000000c0000000, 0x00000000c28a0000, 0x00000000eaab0000)
  object space 41600K, 17% used [0x00000000c0000000,0x00000000c073f9d8,0x00000000c28a0000)
 PSPermGen       total 21248K, used 20714K [0x00000000b0000000, 0x00000000b14c0000, 0x00000000c0000000)
  object space 21248K, 97% used [0x00000000b0000000,0x00000000b143aa10,0x00000000b14c0000)
Event: 5.610 GC heap after
Heap after GC invocations=7 (full 0):
 PSYoungGen      total 37504K, used 4914K [0x00000000eaab0000, 0x00000000ef3d0000, 0x0000000000000000)
  eden space 30656K, 0% used [0x00000000eaab0000,0x00000000eaab0000,0x00000000ec8a0000)
  from space 6848K, 71% used [0x00000000ec8a0000,0x00000000ecd6cab0,0x00000000ecf50000)
  to   space 6784K, 0% used [0x00000000eed30000,0x00000000eed30000,0x00000000ef3d0000)
 ParOldGen       total 41600K, used 8398K [0x00000000c0000000, 0x00000000c28a0000, 0x00000000eaab0000)
  object space 41600K, 20% used [0x00000000c0000000,0x00000000c0833a78,0x00000000c28a0000)
 PSPermGen       total 21248K, used 20714K [0x00000000b0000000, 0x00000000b14c0000, 0x00000000c0000000)
  object space 21248K, 97% used [0x00000000b0000000,0x00000000b143aa10,0x00000000b14c0000)
}
Event: 5.960 GC heap before
{Heap before GC invocations=8 (full 0):
 PSYoungGen      total 37504K, used 35570K [0x00000000eaab0000, 0x00000000ef3d0000, 0x0000000000000000)
  eden space 30656K, 100% used [0x00000000eaab0000,0x00000000ec8a0000,0x00000000ec8a0000)
  from space 6848K, 71% used [0x00000000ec8a0000,0x00000000ecd6cab0,0x00000000ecf50000)
  to   space 6784K, 0% used [0x00000000eed30000,0x00000000eed30000,0x00000000ef3d0000)
 ParOldGen       total 41600K, used 8398K [0x00000000c0000000, 0x00000000c28a0000, 0x00000000eaab0000)
  object space 41600K, 20% used [0x00000000c0000000,0x00000000c0833a78,0x00000000c28a0000)
 PSPermGen       total 21248K, used 20732K [0x00000000b0000000, 0x00000000b14c0000, 0x00000000c0000000)
  object space 21248K, 97% used [0x00000000b0000000,0x00000000b143f048,0x00000000b14c0000)
Event: 5.988 GC heap after
Heap after GC invocations=8 (full 0):
 PSYoungGen      total 67968K, used 3432K [0x00000000eaab0000, 0x00000000ef3b0000, 0x0000000000000000)
  eden space 61312K, 0% used [0x00000000eaab0000,0x00000000eaab0000,0x00000000ee690000)
  from space 6656K, 51% used [0x00000000eed30000,0x00000000ef08a0e0,0x00000000ef3b0000)
  to   space 6720K, 0% used [0x00000000ee690000,0x00000000ee690000,0x00000000eed20000)
 ParOldGen       total 41600K, used 9218K [0x00000000c0000000, 0x00000000c28a0000, 0x00000000eaab0000)
  object space 41600K, 22% used [0x00000000c0000000,0x00000000c0900b10,0x00000000c28a0000)
 PSPermGen       total 21248K, used 20732K [0x00000000b0000000, 0x00000000b14c0000, 0x00000000c0000000)
  object space 21248K, 97% used [0x00000000b0000000,0x00000000b143f048,0x00000000b14c0000)
}
Event: 6.476 GC heap before
{Heap before GC invocations=9 (full 0):
 PSYoungGen      total 67968K, used 64744K [0x00000000eaab0000, 0x00000000ef3b0000, 0x0000000000000000)
  eden space 61312K, 100% used [0x00000000eaab0000,0x00000000ee690000,0x00000000ee690000)
  from space 6656K, 51% used [0x00000000eed30000,0x00000000ef08a0e0,0x00000000ef3b0000)
  to   space 6720K, 0% used [0x00000000ee690000,0x00000000ee690000,0x00000000eed20000)
 ParOldGen       total 41600K, used 9218K [0x00000000c0000000, 0x00000000c28a0000, 0x00000000eaab0000)
  object space 41600K, 22% used [0x00000000c0000000,0x00000000c0900b10,0x00000000c28a0000)
 PSPermGen       total 21248K, used 20735K [0x00000000b0000000, 0x00000000b14c0000, 0x00000000c0000000)
  object space 21248K, 97% used [0x00000000b0000000,0x00000000b143ff58,0x00000000b14c0000)
Event: 6.483 GC heap after
Heap after GC invocations=9 (full 0):
 PSYoungGen      total 68032K, used 2532K [0x00000000eaab0000, 0x00000000f17c0000, 0x0000000000000000)
  eden space 61312K, 0% used [0x00000000eaab0000,0x00000000eaab0000,0x00000000ee690000)
  from space 6720K, 37% used [0x00000000ee690000,0x00000000ee9090b0,0x00000000eed20000)
  to   space 6784K, 0% used [0x00000000f1120000,0x00000000f1120000,0x00000000f17c0000)
 ParOldGen       total 41600K, used 10745K [0x00000000c0000000, 0x00000000c28a0000, 0x00000000eaab0000)
  object space 41600K, 25% used [0x00000000c0000000,0x00000000c0a7e650,0x00000000c28a0000)
 PSPermGen       total 21248K, used 20735K [0x00000000b0000000, 0x00000000b14c0000, 0x00000000c0000000)
  object space 21248K, 97% used [0x00000000b0000000,0x00000000b143ff58,0x00000000b14c0000)
}
Event: 6.760 GC heap before
{Heap before GC invocations=10 (full 0):
 PSYoungGen      total 68032K, used 63844K [0x00000000eaab0000, 0x00000000f17c0000, 0x0000000000000000)
  eden space 61312K, 100% used [0x00000000eaab0000,0x00000000ee690000,0x00000000ee690000)
  from space 6720K, 37% used [0x00000000ee690000,0x00000000ee9090b0,0x00000000eed20000)
  to   space 6784K, 0% used [0x00000000f1120000,0x00000000f1120000,0x00000000f17c0000)
 ParOldGen       total 41600K, used 10745K [0x00000000c0000000, 0x00000000c28a0000, 0x00000000eaab0000)
  object space 41600K, 25% used [0x00000000c0000000,0x00000000c0a7e650,0x00000000c28a0000)
 PSPermGen       total 21248K, used 20738K [0x00000000b0000000, 0x00000000b14c0000, 0x00000000c0000000)
  object space 21248K, 97% used [0x00000000b0000000,0x00000000b1440bd8,0x00000000b14c0000)
Event: 6.767 GC heap after
Heap after GC invocations=10 (full 0):
 PSYoungGen      total 104768K, used 1728K [0x00000000eaab0000, 0x00000000f1800000, 0x0000000000000000)
  eden space 97984K, 0% used [0x00000000eaab0000,0x00000000eaab0000,0x00000000f0a60000)
  from space 6784K, 25% used [0x00000000f1120000,0x00000000f12d0010,0x00000000f17c0000)
  to   space 6912K, 0% used [0x00000000f0a60000,0x00000000f0a60000,0x00000000f1120000)
 ParOldGen       total 41600K, used 12553K [0x00000000c0000000, 0x00000000c28a0000, 0x00000000eaab0000)
  object space 41600K, 30% used [0x00000000c0000000,0x00000000c0c42780,0x00000000c28a0000)
 PSPermGen       total 21248K, used 20738K [0x00000000b0000000, 0x00000000b14c0000, 0x00000000c0000000)
  object space 21248K, 97% used [0x00000000b0000000,0x00000000b1440bd8,0x00000000b14c0000)
}

